New log file opened at Tue Jul 14 10:09:32 BRT 2015 by 8667@localhost.localdomain
Sending msg to client activator-7948ac9a-da66-41ab-b18b-1501aa39a515: DetachedLogEvent(LogMessage(debug,sbt client logs are in: /opt/development/workspace/java8/akka/.sbtserver/connections/activator-7948ac9a-da66-41ab-b18b-1501aa39a515.log))
Sending msg to client activator-7948ac9a-da66-41ab-b18b-1501aa39a515: DetachedLogEvent(LogMessage(debug,sbt server socket logs are in: /opt/development/workspace/java8/akka/.sbtserver/connections/master.log))
Reading next message from client.
Got request: ListenToEvents()
Reading next message from client.
Got request: ListenToBuildChange()
Sending msg to client activator-7948ac9a-da66-41ab-b18b-1501aa39a515: DetachedLogEvent(LogMessage(debug,> --initialize))
Reading next message from client.
Got request: SendSyntheticBuildChanged()
Reading next message from client.
Got request: KeyLookupRequest(discoveredMainClasses)
Reading next message from client.
Got request: KeyLookupRequest(mainClass)
Reading next message from client.
Sending msg to client activator-7948ac9a-da66-41ab-b18b-1501aa39a515: DetachedLogEvent(LogMessage(debug,sbt general server logs are in: /opt/development/workspace/java8/akka/.sbtserver/master.log))
Sending msg to client activator-7948ac9a-da66-41ab-b18b-1501aa39a515: (3,ReceivedResponse())
Sending msg to client activator-7948ac9a-da66-41ab-b18b-1501aa39a515: DetachedLogEvent(LogMessage(debug,> initialize))
Sending msg to client activator-7948ac9a-da66-41ab-b18b-1501aa39a515: DetachedLogEvent(LogMessage(debug,> onFailure load-failed))
Sending msg to client activator-7948ac9a-da66-41ab-b18b-1501aa39a515: DetachedLogEvent(LogMessage(debug,> boot))
Sending msg to client activator-7948ac9a-da66-41ab-b18b-1501aa39a515: DetachedLogEvent(LogMessage(debug,> reload))
Sending msg to client activator-7948ac9a-da66-41ab-b18b-1501aa39a515: DetachedLogEvent(LogMessage(debug,[Loading] Scanning directory /opt/development/workspace/java8/akka/project))
Sending msg to client activator-7948ac9a-da66-41ab-b18b-1501aa39a515: DetachedLogEvent(LogMessage(debug,[Loading] Found non-root projects ))
Sending msg to client activator-7948ac9a-da66-41ab-b18b-1501aa39a515: DetachedLogEvent(LogMessage(debug,[Loading] Done in /opt/development/workspace/java8/akka/project, returning: ()))
Sending msg to client activator-7948ac9a-da66-41ab-b18b-1501aa39a515: DetachedLogEvent(LogMessage(debug,deducing auto plugins based on known facts Set(Atom(sbt.plugins.CorePlugin)) and clauses Clauses(List(Clause(Atom(sbt.plugins.JvmPlugin),Set(Atom(sbt.plugins.IvyPlugin))), Clause(Atom(sbt.plugins.JUnitXmlReportPlugin),Set(Atom(sbt.plugins.JvmPlugin))), Clause(Atom(sbt.plugins.CorePlugin),Set(Atom(sbt.plugins.IvyPlugin))), Clause(Atom(sbt.plugins.IvyPlugin),Set(Atom(sbt.plugins.JvmPlugin))), Clause(Atom(sbt.plugins.JvmPlugin),Set(Atom(sbt.plugins.JUnitXmlReportPlugin)))))))
Sending msg to client activator-7948ac9a-da66-41ab-b18b-1501aa39a515: DetachedLogEvent(LogMessage(debug,  :: deduced result: Matched(sbt.plugins.CorePlugin,sbt.plugins.IvyPlugin,sbt.plugins.JvmPlugin,sbt.plugins.JUnitXmlReportPlugin)))
Sending msg to client activator-7948ac9a-da66-41ab-b18b-1501aa39a515: DetachedLogEvent(LogMessage(debug,sorting: ns: List(sbt.plugins.CorePlugin, sbt.plugins.IvyPlugin, sbt.plugins.JvmPlugin, sbt.plugins.JUnitXmlReportPlugin)))
Sending msg to client activator-7948ac9a-da66-41ab-b18b-1501aa39a515: DetachedLogEvent(LogMessage(debug,  :: sorting:: found: List(sbt.plugins.CorePlugin) not found List(sbt.plugins.IvyPlugin, sbt.plugins.JvmPlugin, sbt.plugins.JUnitXmlReportPlugin)))
Sending msg to client activator-7948ac9a-da66-41ab-b18b-1501aa39a515: DetachedLogEvent(LogMessage(debug,  :: sorting:: found: List(sbt.plugins.CorePlugin, sbt.plugins.IvyPlugin) not found List(sbt.plugins.JvmPlugin, sbt.plugins.JUnitXmlReportPlugin)))
Sending msg to client activator-7948ac9a-da66-41ab-b18b-1501aa39a515: DetachedLogEvent(LogMessage(debug,  :: sorting:: found: List(sbt.plugins.CorePlugin, sbt.plugins.IvyPlugin, sbt.plugins.JvmPlugin) not found List(sbt.plugins.JUnitXmlReportPlugin)))
Sending msg to client activator-7948ac9a-da66-41ab-b18b-1501aa39a515: DetachedLogEvent(LogMessage(debug,  :: sorting:: found: List(sbt.plugins.CorePlugin, sbt.plugins.IvyPlugin, sbt.plugins.JvmPlugin, sbt.plugins.JUnitXmlReportPlugin) not found List()))
Sending msg to client activator-7948ac9a-da66-41ab-b18b-1501aa39a515: DetachedLogEvent(LogMessage(debug,  :: sorted deduced result: List(sbt.plugins.CorePlugin, sbt.plugins.IvyPlugin, sbt.plugins.JvmPlugin, sbt.plugins.JUnitXmlReportPlugin)))
Sending msg to client activator-7948ac9a-da66-41ab-b18b-1501aa39a515: DetachedLogEvent(LogMessage(debug,[Loading] Done in /opt/development/workspace/java8/akka/project, returning: (akka-build)))
Sending msg to client activator-7948ac9a-da66-41ab-b18b-1501aa39a515: DetachedLogEvent(LogMessage(info,Loading project definition from /opt/development/workspace/java8/akka/project))
Sending msg to client activator-7948ac9a-da66-41ab-b18b-1501aa39a515: DetachedLogEvent(LogMessage(debug,Running task... Cancel: sbt.TaskCancellationStrategy$Null$@49276bf7, check cycles: false))
Sending msg to client activator-7948ac9a-da66-41ab-b18b-1501aa39a515: DetachedLogEvent(LogMessage(debug,
Initial source changes: 
	removed:Set()
	added: Set()
	modified: Set()
Removed products: Set()
External API changes: API Changes: Set()
Modified binary dependencies: Set()
Initial directly invalidated sources: Set()

Sources indirectly invalidated by:
	product: Set()
	binary dep: Set()
	external source: Set()))
Sending msg to client activator-7948ac9a-da66-41ab-b18b-1501aa39a515: DetachedLogEvent(LogMessage(debug,All initially invalidated sources: Set()
))
Sending msg to client activator-7948ac9a-da66-41ab-b18b-1501aa39a515: DetachedLogEvent(LogMessage(debug,Copy resource mappings: 
	))
Sending msg to client activator-7948ac9a-da66-41ab-b18b-1501aa39a515: DetachedLogEvent(LogMessage(debug,[Loading] Scanning directory /opt/development/workspace/java8/akka))
Sending msg to client activator-7948ac9a-da66-41ab-b18b-1501aa39a515: DetachedLogEvent(LogMessage(debug,[Loading] Found non-root projects ))
Sending msg to client activator-7948ac9a-da66-41ab-b18b-1501aa39a515: DetachedLogEvent(LogMessage(debug,[Loading] Done in /opt/development/workspace/java8/akka, returning: ()))
Sending msg to client activator-7948ac9a-da66-41ab-b18b-1501aa39a515: DetachedLogEvent(LogMessage(debug,deducing auto plugins based on known facts Set(Atom(sbt.plugins.CorePlugin)) and clauses Clauses(List(Clause(Atom(sbt.plugins.JvmPlugin),Set(Atom(sbt.plugins.IvyPlugin))), Clause(Atom(sbt.plugins.JUnitXmlReportPlugin),Set(Atom(sbt.plugins.JvmPlugin))), Clause(Atom(sbt.plugins.BackgroundRunPlugin),Set(Atom(sbt.plugins.JvmPlugin))), Clause(Atom(sbt.plugins.CorePlugin),Set(Atom(sbt.plugins.IvyPlugin))), Clause(Atom(sbt.plugins.IvyPlugin),Set(Atom(sbt.plugins.JvmPlugin))), Clause(Atom(sbt.plugins.JvmPlugin),Set(Atom(sbt.plugins.JUnitXmlReportPlugin))), Clause(Atom(sbt.plugins.JvmPlugin),Set(Atom(sbt.plugins.BackgroundRunPlugin))), Clause(Atom(sbt.plugins.CorePlugin),Set(Atom(sbt.plugins.InteractionServicePlugin))), Clause(Atom(sbt.plugins.CorePlugin),Set(Atom(sbt.plugins.SendEventServicePlugin))), Clause(Atom(sbt.plugins.CorePlugin),Set(Atom(sbt.plugins.SerializersPlugin)))))))
Sending msg to client activator-7948ac9a-da66-41ab-b18b-1501aa39a515: DetachedLogEvent(LogMessage(debug,  :: deduced result: Matched(sbt.plugins.CorePlugin,sbt.plugins.SerializersPlugin,sbt.plugins.SendEventServicePlugin,sbt.plugins.InteractionServicePlugin,sbt.plugins.IvyPlugin,sbt.plugins.JvmPlugin,sbt.plugins.BackgroundRunPlugin,sbt.plugins.JUnitXmlReportPlugin)))
Sending msg to client activator-7948ac9a-da66-41ab-b18b-1501aa39a515: DetachedLogEvent(LogMessage(debug,sorting: ns: List(sbt.plugins.CorePlugin, sbt.plugins.SerializersPlugin, sbt.plugins.SendEventServicePlugin, sbt.plugins.InteractionServicePlugin, sbt.plugins.IvyPlugin, sbt.plugins.JvmPlugin, sbt.plugins.BackgroundRunPlugin, sbt.plugins.JUnitXmlReportPlugin)))
Sending msg to client activator-7948ac9a-da66-41ab-b18b-1501aa39a515: DetachedLogEvent(LogMessage(debug,  :: sorting:: found: List(sbt.plugins.CorePlugin) not found List(sbt.plugins.SerializersPlugin, sbt.plugins.SendEventServicePlugin, sbt.plugins.InteractionServicePlugin, sbt.plugins.IvyPlugin, sbt.plugins.JvmPlugin, sbt.plugins.BackgroundRunPlugin, sbt.plugins.JUnitXmlReportPlugin)))
Sending msg to client activator-7948ac9a-da66-41ab-b18b-1501aa39a515: DetachedLogEvent(LogMessage(debug,  :: sorting:: found: List(sbt.plugins.CorePlugin, sbt.plugins.SerializersPlugin, sbt.plugins.SendEventServicePlugin, sbt.plugins.InteractionServicePlugin, sbt.plugins.IvyPlugin) not found List(sbt.plugins.JvmPlugin, sbt.plugins.BackgroundRunPlugin, sbt.plugins.JUnitXmlReportPlugin)))
Sending msg to client activator-7948ac9a-da66-41ab-b18b-1501aa39a515: DetachedLogEvent(LogMessage(debug,  :: sorting:: found: List(sbt.plugins.CorePlugin, sbt.plugins.SerializersPlugin, sbt.plugins.SendEventServicePlugin, sbt.plugins.InteractionServicePlugin, sbt.plugins.IvyPlugin, sbt.plugins.JvmPlugin) not found List(sbt.plugins.BackgroundRunPlugin, sbt.plugins.JUnitXmlReportPlugin)))
Sending msg to client activator-7948ac9a-da66-41ab-b18b-1501aa39a515: DetachedLogEvent(LogMessage(debug,  :: sorting:: found: List(sbt.plugins.CorePlugin, sbt.plugins.SerializersPlugin, sbt.plugins.SendEventServicePlugin, sbt.plugins.InteractionServicePlugin, sbt.plugins.IvyPlugin, sbt.plugins.JvmPlugin, sbt.plugins.BackgroundRunPlugin, sbt.plugins.JUnitXmlReportPlugin) not found List()))
Sending msg to client activator-7948ac9a-da66-41ab-b18b-1501aa39a515: DetachedLogEvent(LogMessage(debug,  :: sorted deduced result: List(sbt.plugins.CorePlugin, sbt.plugins.SerializersPlugin, sbt.plugins.SendEventServicePlugin, sbt.plugins.InteractionServicePlugin, sbt.plugins.IvyPlugin, sbt.plugins.JvmPlugin, sbt.plugins.BackgroundRunPlugin, sbt.plugins.JUnitXmlReportPlugin)))
Sending msg to client activator-7948ac9a-da66-41ab-b18b-1501aa39a515: DetachedLogEvent(LogMessage(debug,[Loading] Done in /opt/development/workspace/java8/akka, returning: (akka)))
Sending msg to client activator-7948ac9a-da66-41ab-b18b-1501aa39a515: DetachedLogEvent(LogMessage(info,Set current project to hugme-akka-java (in build file:/opt/development/workspace/java8/akka/)))
Sending msg to client activator-7948ac9a-da66-41ab-b18b-1501aa39a515: DetachedLogEvent(LogMessage(info,Reapplying settings...))
Sending msg to client activator-7948ac9a-da66-41ab-b18b-1501aa39a515: DetachedLogEvent(LogMessage(info,Set current project to hugme-akka-java (in build file:/opt/development/workspace/java8/akka/)))
Sending msg to client activator-7948ac9a-da66-41ab-b18b-1501aa39a515: DetachedLogEvent(LogMessage(debug,> iflast shell))
Sending msg to client activator-7948ac9a-da66-41ab-b18b-1501aa39a515: DetachedLogEvent(LogMessage(debug,> server-send-ready-for-request))
Sending msg to client activator-7948ac9a-da66-41ab-b18b-1501aa39a515: BuildLoaded()
Sending msg to client activator-7948ac9a-da66-41ab-b18b-1501aa39a515: DetachedLogEvent(LogMessage(debug,> server-handle-next-server-request))
Sending msg to client activator-7948ac9a-da66-41ab-b18b-1501aa39a515: (4,ReceivedResponse())
Sending msg to client activator-7948ac9a-da66-41ab-b18b-1501aa39a515: BuildStructureChanged(MinimalBuildStructure(Vector(file:/opt/development/workspace/java8/akka/),Vector(BuildData(file:/opt/development/workspace/java8/akka/,Vector(/opt/development/workspace/java8/akka/project/target/scala-2.10/sbt-0.13/classes, /home/giulliano.morroni/.ivy2/cache/scala_2.10/sbt_0.13/org.scala-sbt/sbt-core-next/jars/sbt-core-next-0.1.1.jar, /home/giulliano.morroni/.ivy2/cache/org.scala-sbt/core-next_2.10/jars/core-next_2.10-0.1.1.jar, /home/giulliano.morroni/.sbt/boot/scala-2.10.4/lib/scala-library.jar, /home/giulliano.morroni/.ivy2/cache/org.scala-sbt/serialization_2.10/jars/serialization_2.10-0.1.0.jar, /home/giulliano.morroni/.ivy2/cache/org.scala-lang.modules/scala-pickling_2.10/jars/scala-pickling_2.10-0.10.0.jar, /home/giulliano.morroni/.sbt/boot/scala-2.10.4/lib/scala-compiler.jar, /home/giulliano.morroni/.sbt/boot/scala-2.10.4/lib/scala-reflect.jar, /home/giulliano.morroni/.ivy2/cache/org.scalamacros/quasiquotes_2.10/jars/quasiquotes_2.10-2.0.1.jar, /home/giulliano.morroni/.ivy2/cache/org.json4s/json4s-core_2.10/jars/json4s-core_2.10-3.2.10.jar, /home/giulliano.morroni/.ivy2/cache/org.json4s/json4s-ast_2.10/jars/json4s-ast_2.10-3.2.10.jar, /home/giulliano.morroni/.ivy2/cache/com.thoughtworks.paranamer/paranamer/jars/paranamer-2.6.jar, /home/giulliano.morroni/.ivy2/cache/org.spire-math/jawn-parser_2.10/jars/jawn-parser_2.10-0.6.0.jar, /home/giulliano.morroni/.ivy2/cache/org.spire-math/json4s-support_2.10/jars/json4s-support_2.10-0.6.0.jar, /home/giulliano.morroni/.sbt/boot/scala-2.10.4/com.typesafe.sbtrc/server-0-13/0.3.5/process-0.13.8.jar, /home/giulliano.morroni/.sbt/boot/scala-2.10.4/com.typesafe.sbtrc/server-0-13/0.3.5/main-0.13.8.jar, /home/giulliano.morroni/.sbt/boot/scala-2.10.4/com.typesafe.sbtrc/server-0-13/0.3.5/logging-0.13.8.jar, /home/giulliano.morroni/.sbt/boot/scala-2.10.4/com.typesafe.sbtrc/server-0-13/0.3.5/io-0.13.8.jar, /home/giulliano.morroni/.sbt/boot/scala-2.10.4/com.typesafe.sbtrc/server-0-13/0.3.5/core-next_2.10-0.1.1.jar, /home/giulliano.morroni/.sbt/boot/scala-2.10.4/com.typesafe.sbtrc/server-0-13/0.3.5/actions-0.13.8.jar, /home/giulliano.morroni/.sbt/boot/scala-2.10.4/com.typesafe.sbtrc/server-0-13/0.3.5/ivy-0.13.8.jar, /home/giulliano.morroni/.sbt/boot/scala-2.10.4/com.typesafe.sbtrc/server-0-13/0.3.5/paranamer-2.6.jar, /home/giulliano.morroni/.sbt/boot/scala-2.10.4/com.typesafe.sbtrc/server-0-13/0.3.5/scala-pickling_2.10-0.10.0.jar, /home/giulliano.morroni/.sbt/boot/scala-2.10.4/com.typesafe.sbtrc/server-0-13/0.3.5/cache-0.13.8.jar, /home/giulliano.morroni/.sbt/boot/scala-2.10.4/com.typesafe.sbtrc/server-0-13/0.3.5/compiler-integration-0.13.8.jar, /home/giulliano.morroni/.sbt/boot/scala-2.10.4/com.typesafe.sbtrc/server-0-13/0.3.5/jline-2.11.jar, /home/giulliano.morroni/.sbt/boot/scala-2.10.4/com.typesafe.sbtrc/server-0-13/0.3.5/json4s-core_2.10-3.2.10.jar, /home/giulliano.morroni/.sbt/boot/scala-2.10.4/com.typesafe.sbtrc/server-0-13/0.3.5/ivy-2.3.0-sbt-fccfbd44c9f64523b61398a0155784dcbaeae28f.jar, /home/giulliano.morroni/.sbt/boot/scala-2.10.4/com.typesafe.sbtrc/server-0-13/0.3.5/classfile-0.13.8.jar, /home/giulliano.morroni/.sbt/boot/scala-2.10.4/com.typesafe.sbtrc/server-0-13/0.3.5/control-0.13.8.jar, /home/giulliano.morroni/.sbt/boot/scala-2.10.4/com.typesafe.sbtrc/server-0-13/0.3.5/jsch-0.1.46.jar, /home/giulliano.morroni/.sbt/boot/scala-2.10.4/com.typesafe.sbtrc/server-0-13/0.3.5/server-0-13-0.3.5.jar, /home/giulliano.morroni/.sbt/boot/scala-2.10.4/com.typesafe.sbtrc/server-0-13/0.3.5/cross-0.13.8.jar, /home/giulliano.morroni/.sbt/boot/scala-2.10.4/com.typesafe.sbtrc/server-0-13/0.3.5/run-0.13.8.jar, /home/giulliano.morroni/.sbt/boot/scala-2.10.4/com.typesafe.sbtrc/server-0-13/0.3.5/tasks-0.13.8.jar, /home/giulliano.morroni/.sbt/boot/scala-2.10.4/com.typesafe.sbtrc/server-0-13/0.3.5/collections-0.13.8.jar, /home/giulliano.morroni/.sbt/boot/scala-2.10.4/com.typesafe.sbtrc/server-0-13/0.3.5/completion-0.13.8.jar, /home/giulliano.morroni/.sbt/boot/scala-2.10.4/com.typesafe.sbtrc/server-0-13/0.3.5/classpath-0.13.8.jar, /home/giulliano.morroni/.sbt/boot/scala-2.10.4/com.typesafe.sbtrc/server-0-13/0.3.5/apply-macro-0.13.8.jar, /home/giulliano.morroni/.sbt/boot/scala-2.10.4/com.typesafe.sbtrc/server-0-13/0.3.5/sbinary_2.10-0.4.2.jar, /home/giulliano.morroni/.sbt/boot/scala-2.10.4/com.typesafe.sbtrc/server-0-13/0.3.5/tracking-0.13.8.jar, /home/giulliano.morroni/.sbt/boot/scala-2.10.4/com.typesafe.sbtrc/server-0-13/0.3.5/persist-0.13.8.jar, /home/giulliano.morroni/.sbt/boot/scala-2.10.4/com.typesafe.sbtrc/server-0-13/0.3.5/json4s-support_2.10-0.6.0.jar, /home/giulliano.morroni/.sbt/boot/scala-2.10.4/com.typesafe.sbtrc/server-0-13/0.3.5/task-system-0.13.8.jar, /home/giulliano.morroni/.sbt/boot/scala-2.10.4/com.typesafe.sbtrc/server-0-13/0.3.5/logic-0.13.8.jar, /home/giulliano.morroni/.sbt/boot/scala-2.10.4/com.typesafe.sbtrc/server-0-13/0.3.5/command-0.13.8.jar, /home/giulliano.morroni/.sbt/boot/scala-2.10.4/com.typesafe.sbtrc/server-0-13/0.3.5/scala-reflect-2.10.4.jar, /home/giulliano.morroni/.sbt/boot/scala-2.10.4/com.typesafe.sbtrc/server-0-13/0.3.5/sbt-0.13.8.jar, /home/giulliano.morroni/.sbt/boot/scala-2.10.4/com.typesafe.sbtrc/server-0-13/0.3.5/api-0.13.8.jar, /home/giulliano.morroni/.sbt/boot/scala-2.10.4/com.typesafe.sbtrc/server-0-13/0.3.5/launcher-interface-0.13.8.jar, /home/giulliano.morroni/.sbt/boot/scala-2.10.4/com.typesafe.sbtrc/server-0-13/0.3.5/jawn-parser_2.10-0.6.0.jar, /home/giulliano.morroni/.sbt/boot/scala-2.10.4/com.typesafe.sbtrc/server-0-13/0.3.5/json4s-ast_2.10-3.2.10.jar, /home/giulliano.morroni/.sbt/boot/scala-2.10.4/com.typesafe.sbtrc/server-0-13/0.3.5/compiler-ivy-integration-0.13.8.jar, /home/giulliano.morroni/.sbt/boot/scala-2.10.4/com.typesafe.sbtrc/server-0-13/0.3.5/test-interface-1.0.jar, /home/giulliano.morroni/.sbt/boot/scala-2.10.4/com.typesafe.sbtrc/server-0-13/0.3.5/main-settings-0.13.8.jar, /home/giulliano.morroni/.sbt/boot/scala-2.10.4/com.typesafe.sbtrc/server-0-13/0.3.5/quasiquotes_2.10-2.0.1.jar, /home/giulliano.morroni/.sbt/boot/scala-2.10.4/com.typesafe.sbtrc/server-0-13/0.3.5/serialization_2.10-0.1.1.jar, /home/giulliano.morroni/.sbt/boot/scala-2.10.4/com.typesafe.sbtrc/server-0-13/0.3.5/test-agent-0.13.8.jar, /home/giulliano.morroni/.sbt/boot/scala-2.10.4/com.typesafe.sbtrc/server-0-13/0.3.5/testing-0.13.8.jar, /home/giulliano.morroni/.sbt/boot/scala-2.10.4/com.typesafe.sbtrc/server-0-13/0.3.5/relation-0.13.8.jar, /home/giulliano.morroni/.sbt/boot/scala-2.10.4/com.typesafe.sbtrc/server-0-13/0.3.5/incremental-compiler-0.13.8.jar, /home/giulliano.morroni/.sbt/boot/scala-2.10.4/com.typesafe.sbtrc/server-0-13/0.3.5/compile-0.13.8.jar, /home/giulliano.morroni/.sbt/boot/scala-2.10.4/com.typesafe.sbtrc/server-0-13/0.3.5/xsbti/interface-0.13.8.jar, /home/giulliano.morroni/.sbt/boot/scala-2.10.4/lib/jline.jar, /home/giulliano.morroni/.sbt/boot/scala-2.10.4/lib/jansi.jar, /opt/development/workspace/java8/akka/project/target/config-classes),Vector(import sbt._, Keys._, dsl._, import _root_.sbt.plugins.IvyPlugin, _root_.sbt.plugins.JvmPlugin, _root_.sbt.plugins.CorePlugin, _root_.sbt.plugins.JUnitXmlReportPlugin, _root_.sbt.plugins.BackgroundRunPlugin, _root_.sbt.plugins.InteractionServicePlugin, _root_.sbt.plugins.SendEventServicePlugin, _root_.sbt.plugins.SerializersPlugin))),Vector(MinimalProjectStructure(ProjectReference(file:/opt/development/workspace/java8/akka/,akka),Vector(sbt.plugins.CorePlugin, sbt.plugins.SerializersPlugin, sbt.plugins.SendEventServicePlugin, sbt.plugins.InteractionServicePlugin, sbt.plugins.IvyPlugin, sbt.plugins.JvmPlugin, sbt.plugins.BackgroundRunPlugin, sbt.plugins.JUnitXmlReportPlugin),Some(ProjectDependencies(List(),List()))))))
Got request: KeyLookupRequest(discoveredMainClasses)
Reading next message from client.
Got request: KeyLookupRequest(mainClass)
Reading next message from client.
Got request: UnlistenToEvents()
Reading next message from client.
Got request: UnlistenToBuildChange()
Reading next message from client.
Client activator-7948ac9a-da66-41ab-b18b-1501aa39a515 EOF, shutting down.
Stopping client.
Dropping message (6,KeyLookupResponse(discoveredMainClasses,Vector(AttributeKey[scala.collection.Seq[java.lang.String]]("discoveredMainClasses") in Scope(Build: file:/opt/development/workspace/java8/akka/, , Project: ProjectReference(file:/opt/development/workspace/java8/akka/,akka), Config: compile)))) to dead client activator-7948ac9a-da66-41ab-b18b-1501aa39a515
Dropping message (7,KeyLookupResponse(mainClass,Vector(AttributeKey[scala.Option[java.lang.String]]("mainClass") in Scope(Build: file:/opt/development/workspace/java8/akka/, , Project: ProjectReference(file:/opt/development/workspace/java8/akka/,akka), Config: compile)))) to dead client activator-7948ac9a-da66-41ab-b18b-1501aa39a515
Client activator-7948ac9a-da66-41ab-b18b-1501aa39a515 thread exiting.
Dropping message (8,KeyLookupResponse(discoveredMainClasses,Vector(AttributeKey[scala.collection.Seq[java.lang.String]]("discoveredMainClasses") in Scope(Build: file:/opt/development/workspace/java8/akka/, , Project: ProjectReference(file:/opt/development/workspace/java8/akka/,akka), Config: compile)))) to dead client activator-7948ac9a-da66-41ab-b18b-1501aa39a515
Dropping message (9,KeyLookupResponse(mainClass,Vector(AttributeKey[scala.Option[java.lang.String]]("mainClass") in Scope(Build: file:/opt/development/workspace/java8/akka/, , Project: ProjectReference(file:/opt/development/workspace/java8/akka/,akka), Config: compile)))) to dead client activator-7948ac9a-da66-41ab-b18b-1501aa39a515
Dropping message (10,ReceivedResponse()) to dead client activator-7948ac9a-da66-41ab-b18b-1501aa39a515
Dropping message (11,ReceivedResponse()) to dead client activator-7948ac9a-da66-41ab-b18b-1501aa39a515
Dropping message (0,ReceivedResponse()) to dead client activator-7948ac9a-da66-41ab-b18b-1501aa39a515
