New log file opened at Tue Jul 14 10:09:31 BRT 2015 by 8667@localhost.localdomain
Taking next connection to: 57115
New client attempting to connect on port: 49446-57115
  Address = /127.0.0.1:57115
This client on port 49446 has uuid 7948ac9a-da66-41ab-b18b-1501aa39a515 configName activator humanReadableName Activator protocolVersion 3 featureTags Vector()
Connected Clients: activator-7948ac9a-da66-41ab-b18b-1501aa39a515
Taking next connection to: 57115
New client attempting to connect on port: 49447-57115
  Address = /127.0.0.1:57115
Handshake exception on socket: 49447
sbt.impl.ipc.HandshakeException: Unable to perform handshake
	at sbt.impl.ipc.Peer.handshake(IPC.scala:46)
	at sbt.impl.ipc.MultiClientServer.<init>(IPC.scala:150)
	at sbt.server.SbtServerSocketHandler$$anon$1.run(SbtServerSocketHandler.scala:43)
Caused by: java.io.EOFException
	at java.io.DataInputStream.readInt(DataInputStream.java:392)
	at sbt.impl.ipc.Peer.receive(IPC.scala:95)
	at sbt.impl.ipc.Peer.handshake(IPC.scala:49)
	... 2 more
Taking next connection to: 57115
New client attempting to connect on port: 49448-57115
  Address = /127.0.0.1:57115
This client on port 49448 has uuid 502d2fc4-5698-4554-b787-8b718f8aeae3 configName activator humanReadableName Activator protocolVersion 3 featureTags Vector()
Connected Clients: activator-7948ac9a-da66-41ab-b18b-1501aa39a515, activator-502d2fc4-5698-4554-b787-8b718f8aeae3
Taking next connection to: 57115
Checking to see if clients are empty...
We have 1 non-daemon clients, continuing serving connections.
Taking next connection to: 57115
Checking to see if clients are empty...
No non-daemon clients connected after 3 min. Shutting down.
Server socket thread exiting.
0 clients open, will close them...
All client sockets have been closed.
Closing the 8667@localhost.localdomain logs at Tue Jul 14 10:15:32 BRT 2015, goodbye.
